"sample_dat.conf"
----------------------------------------
"sample.dat"
----------------------------------------
unit : "head"
size : 5
keys : ["file_size", "type", "record_size"]
pack_template : ["n", "H2", "H4"]

unit : "body"
size : 4
keys : ["number", "x", "y"]
pack_template : ["H4", "H2", "H2"]

----------------------------------------
read head data
----------------------------------------
{"file_size"=>10, "type"=>"01", "record_size"=>"0000"}

----------------------------------------
read body record
----------------------------------------
record number is 2
{"number"=>"0001", "x"=>"01", "y"=>"01"}
{"number"=>"0002", "x"=>"01", "y"=>"01"}


----------------------------------------
make csvfile
----------------------------------------
"sample_head.csv"
"sample_body.csv"
